<?xml version="1.0" encoding="UTF-8"?>
<testsuite xmlns:xsi="http://www.w3.org/2001/XMLSchema-instance" xsi:noNamespaceSchemaLocation="https://maven.apache.org/surefire/maven-surefire-plugin/xsd/surefire-test-report-3.0.xsd" version="3.0" name="TestSuite" time="51.092" tests="3" errors="0" skipped="0" failures="0">
  <properties>
    <property name="java.specification.version" value="13"/>
    <property name="sun.jnu.encoding" value="UTF-8"/>
    <property name="java.class.path" value="/home/bs/Documents/starboard-Android/starboard/target/test-classes:/home/bs/Documents/starboard-Android/starboard/target/classes:/home/bs/.m2/repository/io/appium/java-client/7.6.0/java-client-7.6.0.jar:/home/bs/.m2/repository/org/seleniumhq/selenium/selenium-support/3.141.59/selenium-support-3.141.59.jar:/home/bs/.m2/repository/org/seleniumhq/selenium/selenium-api/3.141.59/selenium-api-3.141.59.jar:/home/bs/.m2/repository/com/google/code/gson/gson/2.8.8/gson-2.8.8.jar:/home/bs/.m2/repository/org/apache/httpcomponents/httpclient/4.5.13/httpclient-4.5.13.jar:/home/bs/.m2/repository/org/apache/httpcomponents/httpcore/4.4.13/httpcore-4.4.13.jar:/home/bs/.m2/repository/commons-logging/commons-logging/1.2/commons-logging-1.2.jar:/home/bs/.m2/repository/commons-codec/commons-codec/1.11/commons-codec-1.11.jar:/home/bs/.m2/repository/cglib/cglib/3.3.0/cglib-3.3.0.jar:/home/bs/.m2/repository/org/ow2/asm/asm/7.1/asm-7.1.jar:/home/bs/.m2/repository/commons-validator/commons-validator/1.7/commons-validator-1.7.jar:/home/bs/.m2/repository/commons-beanutils/commons-beanutils/1.9.4/commons-beanutils-1.9.4.jar:/home/bs/.m2/repository/commons-digester/commons-digester/2.1/commons-digester-2.1.jar:/home/bs/.m2/repository/commons-collections/commons-collections/3.2.2/commons-collections-3.2.2.jar:/home/bs/.m2/repository/org/apache/commons/commons-lang3/3.12.0/commons-lang3-3.12.0.jar:/home/bs/.m2/repository/commons-io/commons-io/2.11.0/commons-io-2.11.0.jar:/home/bs/.m2/repository/org/springframework/spring-context/5.3.10/spring-context-5.3.10.jar:/home/bs/.m2/repository/org/springframework/spring-aop/5.3.10/spring-aop-5.3.10.jar:/home/bs/.m2/repository/org/springframework/spring-beans/5.3.10/spring-beans-5.3.10.jar:/home/bs/.m2/repository/org/springframework/spring-core/5.3.10/spring-core-5.3.10.jar:/home/bs/.m2/repository/org/springframework/spring-jcl/5.3.10/spring-jcl-5.3.10.jar:/home/bs/.m2/repository/org/springframework/spring-expression/5.3.10/spring-expression-5.3.10.jar:/home/bs/.m2/repository/org/slf4j/slf4j-api/1.7.32/slf4j-api-1.7.32.jar:/home/bs/.m2/repository/org/seleniumhq/selenium/selenium-java/3.141.59/selenium-java-3.141.59.jar:/home/bs/.m2/repository/org/seleniumhq/selenium/selenium-chrome-driver/3.141.59/selenium-chrome-driver-3.141.59.jar:/home/bs/.m2/repository/org/seleniumhq/selenium/selenium-edge-driver/3.141.59/selenium-edge-driver-3.141.59.jar:/home/bs/.m2/repository/org/seleniumhq/selenium/selenium-firefox-driver/3.141.59/selenium-firefox-driver-3.141.59.jar:/home/bs/.m2/repository/org/seleniumhq/selenium/selenium-ie-driver/3.141.59/selenium-ie-driver-3.141.59.jar:/home/bs/.m2/repository/org/seleniumhq/selenium/selenium-opera-driver/3.141.59/selenium-opera-driver-3.141.59.jar:/home/bs/.m2/repository/org/seleniumhq/selenium/selenium-remote-driver/3.141.59/selenium-remote-driver-3.141.59.jar:/home/bs/.m2/repository/org/seleniumhq/selenium/selenium-safari-driver/3.141.59/selenium-safari-driver-3.141.59.jar:/home/bs/.m2/repository/net/bytebuddy/byte-buddy/1.8.15/byte-buddy-1.8.15.jar:/home/bs/.m2/repository/org/apache/commons/commons-exec/1.3/commons-exec-1.3.jar:/home/bs/.m2/repository/com/google/guava/guava/25.0-jre/guava-25.0-jre.jar:/home/bs/.m2/repository/org/checkerframework/checker-compat-qual/2.0.0/checker-compat-qual-2.0.0.jar:/home/bs/.m2/repository/com/google/errorprone/error_prone_annotations/2.1.3/error_prone_annotations-2.1.3.jar:/home/bs/.m2/repository/com/google/j2objc/j2objc-annotations/1.1/j2objc-annotations-1.1.jar:/home/bs/.m2/repository/org/codehaus/mojo/animal-sniffer-annotations/1.14/animal-sniffer-annotations-1.14.jar:/home/bs/.m2/repository/com/squareup/okhttp3/okhttp/3.11.0/okhttp-3.11.0.jar:/home/bs/.m2/repository/com/squareup/okio/okio/1.14.0/okio-1.14.0.jar:/home/bs/.m2/repository/com/github/automatedowl/allure-environment-writer/1.0.0/allure-environment-writer-1.0.0.jar:/home/bs/.m2/repository/com/codeborne/selenide/5.25.0/selenide-5.25.0.jar:/home/bs/.m2/repository/org/opentest4j/opentest4j/1.2.0/opentest4j-1.2.0.jar:/home/bs/.m2/repository/io/github/bonigarcia/webdrivermanager/5.0.3/webdrivermanager-5.0.3.jar:/home/bs/.m2/repository/org/jsoup/jsoup/1.14.2/jsoup-1.14.2.jar:/home/bs/.m2/repository/org/brotli/dec/0.1.2/dec-0.1.2.jar:/home/bs/.m2/repository/commons-lang/commons-lang/2.6/commons-lang-2.6.jar:/home/bs/.m2/repository/org/apache/commons/commons-compress/1.21/commons-compress-1.21.jar:/home/bs/.m2/repository/org/apache/httpcomponents/client5/httpclient5/5.1/httpclient5-5.1.jar:/home/bs/.m2/repository/org/apache/httpcomponents/core5/httpcore5/5.1.1/httpcore5-5.1.1.jar:/home/bs/.m2/repository/com/googlecode/json-simple/json-simple/1.1.1/json-simple-1.1.1.jar:/home/bs/.m2/repository/junit/junit/4.10/junit-4.10.jar:/home/bs/.m2/repository/org/hamcrest/hamcrest-core/1.1/hamcrest-core-1.1.jar:/home/bs/.m2/repository/org/testng/testng/7.5/testng-7.5.jar:/home/bs/.m2/repository/com/google/code/findbugs/jsr305/3.0.1/jsr305-3.0.1.jar:/home/bs/.m2/repository/com/beust/jcommander/1.78/jcommander-1.78.jar:/home/bs/.m2/repository/org/webjars/jquery/3.5.1/jquery-3.5.1.jar:/home/bs/.m2/repository/io/qameta/allure/allure-testng/2.15.0/allure-testng-2.15.0.jar:/home/bs/.m2/repository/io/qameta/allure/allure-java-commons/2.15.0/allure-java-commons-2.15.0.jar:/home/bs/.m2/repository/io/qameta/allure/allure-model/2.15.0/allure-model-2.15.0.jar:/home/bs/.m2/repository/io/qameta/allure/allure-test-filter/2.15.0/allure-test-filter-2.15.0.jar:/home/bs/.m2/repository/io/qameta/allure/allure-selenide/2.17.3/allure-selenide-2.17.3.jar:/home/bs/.m2/repository/org/aspectj/aspectjweaver/1.9.8.RC1/aspectjweaver-1.9.8.RC1.jar:/home/bs/.m2/repository/org/slf4j/slf4j-simple/1.7.21/slf4j-simple-1.7.21.jar:"/>
    <property name="java.vm.vendor" value="Private Build"/>
    <property name="sun.arch.data.model" value="64"/>
    <property name="java.vendor.url" value="Unknown"/>
    <property name="user.timezone" value="Asia/Kolkata"/>
    <property name="os.name" value="Linux"/>
    <property name="java.vm.specification.version" value="13"/>
    <property name="sun.java.launcher" value="SUN_STANDARD"/>
    <property name="user.country" value="IN"/>
    <property name="sun.boot.library.path" value="/usr/lib/jvm/java-13-openjdk-amd64/lib"/>
    <property name="sun.java.command" value="/home/bs/Documents/starboard-Android/starboard/target/surefire/surefirebooter651114911155015010.jar /home/bs/Documents/starboard-Android/starboard/target/surefire 2023-11-23T14-24-10_941-jvmRun1 surefire4209847660737490342tmp surefire_07352026407477280988tmp"/>
    <property name="jdk.debug" value="release"/>
    <property name="surefire.test.class.path" value="/home/bs/Documents/starboard-Android/starboard/target/test-classes:/home/bs/Documents/starboard-Android/starboard/target/classes:/home/bs/.m2/repository/io/appium/java-client/7.6.0/java-client-7.6.0.jar:/home/bs/.m2/repository/org/seleniumhq/selenium/selenium-support/3.141.59/selenium-support-3.141.59.jar:/home/bs/.m2/repository/org/seleniumhq/selenium/selenium-api/3.141.59/selenium-api-3.141.59.jar:/home/bs/.m2/repository/com/google/code/gson/gson/2.8.8/gson-2.8.8.jar:/home/bs/.m2/repository/org/apache/httpcomponents/httpclient/4.5.13/httpclient-4.5.13.jar:/home/bs/.m2/repository/org/apache/httpcomponents/httpcore/4.4.13/httpcore-4.4.13.jar:/home/bs/.m2/repository/commons-logging/commons-logging/1.2/commons-logging-1.2.jar:/home/bs/.m2/repository/commons-codec/commons-codec/1.11/commons-codec-1.11.jar:/home/bs/.m2/repository/cglib/cglib/3.3.0/cglib-3.3.0.jar:/home/bs/.m2/repository/org/ow2/asm/asm/7.1/asm-7.1.jar:/home/bs/.m2/repository/commons-validator/commons-validator/1.7/commons-validator-1.7.jar:/home/bs/.m2/repository/commons-beanutils/commons-beanutils/1.9.4/commons-beanutils-1.9.4.jar:/home/bs/.m2/repository/commons-digester/commons-digester/2.1/commons-digester-2.1.jar:/home/bs/.m2/repository/commons-collections/commons-collections/3.2.2/commons-collections-3.2.2.jar:/home/bs/.m2/repository/org/apache/commons/commons-lang3/3.12.0/commons-lang3-3.12.0.jar:/home/bs/.m2/repository/commons-io/commons-io/2.11.0/commons-io-2.11.0.jar:/home/bs/.m2/repository/org/springframework/spring-context/5.3.10/spring-context-5.3.10.jar:/home/bs/.m2/repository/org/springframework/spring-aop/5.3.10/spring-aop-5.3.10.jar:/home/bs/.m2/repository/org/springframework/spring-beans/5.3.10/spring-beans-5.3.10.jar:/home/bs/.m2/repository/org/springframework/spring-core/5.3.10/spring-core-5.3.10.jar:/home/bs/.m2/repository/org/springframework/spring-jcl/5.3.10/spring-jcl-5.3.10.jar:/home/bs/.m2/repository/org/springframework/spring-expression/5.3.10/spring-expression-5.3.10.jar:/home/bs/.m2/repository/org/slf4j/slf4j-api/1.7.32/slf4j-api-1.7.32.jar:/home/bs/.m2/repository/org/seleniumhq/selenium/selenium-java/3.141.59/selenium-java-3.141.59.jar:/home/bs/.m2/repository/org/seleniumhq/selenium/selenium-chrome-driver/3.141.59/selenium-chrome-driver-3.141.59.jar:/home/bs/.m2/repository/org/seleniumhq/selenium/selenium-edge-driver/3.141.59/selenium-edge-driver-3.141.59.jar:/home/bs/.m2/repository/org/seleniumhq/selenium/selenium-firefox-driver/3.141.59/selenium-firefox-driver-3.141.59.jar:/home/bs/.m2/repository/org/seleniumhq/selenium/selenium-ie-driver/3.141.59/selenium-ie-driver-3.141.59.jar:/home/bs/.m2/repository/org/seleniumhq/selenium/selenium-opera-driver/3.141.59/selenium-opera-driver-3.141.59.jar:/home/bs/.m2/repository/org/seleniumhq/selenium/selenium-remote-driver/3.141.59/selenium-remote-driver-3.141.59.jar:/home/bs/.m2/repository/org/seleniumhq/selenium/selenium-safari-driver/3.141.59/selenium-safari-driver-3.141.59.jar:/home/bs/.m2/repository/net/bytebuddy/byte-buddy/1.8.15/byte-buddy-1.8.15.jar:/home/bs/.m2/repository/org/apache/commons/commons-exec/1.3/commons-exec-1.3.jar:/home/bs/.m2/repository/com/google/guava/guava/25.0-jre/guava-25.0-jre.jar:/home/bs/.m2/repository/org/checkerframework/checker-compat-qual/2.0.0/checker-compat-qual-2.0.0.jar:/home/bs/.m2/repository/com/google/errorprone/error_prone_annotations/2.1.3/error_prone_annotations-2.1.3.jar:/home/bs/.m2/repository/com/google/j2objc/j2objc-annotations/1.1/j2objc-annotations-1.1.jar:/home/bs/.m2/repository/org/codehaus/mojo/animal-sniffer-annotations/1.14/animal-sniffer-annotations-1.14.jar:/home/bs/.m2/repository/com/squareup/okhttp3/okhttp/3.11.0/okhttp-3.11.0.jar:/home/bs/.m2/repository/com/squareup/okio/okio/1.14.0/okio-1.14.0.jar:/home/bs/.m2/repository/com/github/automatedowl/allure-environment-writer/1.0.0/allure-environment-writer-1.0.0.jar:/home/bs/.m2/repository/com/codeborne/selenide/5.25.0/selenide-5.25.0.jar:/home/bs/.m2/repository/org/opentest4j/opentest4j/1.2.0/opentest4j-1.2.0.jar:/home/bs/.m2/repository/io/github/bonigarcia/webdrivermanager/5.0.3/webdrivermanager-5.0.3.jar:/home/bs/.m2/repository/org/jsoup/jsoup/1.14.2/jsoup-1.14.2.jar:/home/bs/.m2/repository/org/brotli/dec/0.1.2/dec-0.1.2.jar:/home/bs/.m2/repository/commons-lang/commons-lang/2.6/commons-lang-2.6.jar:/home/bs/.m2/repository/org/apache/commons/commons-compress/1.21/commons-compress-1.21.jar:/home/bs/.m2/repository/org/apache/httpcomponents/client5/httpclient5/5.1/httpclient5-5.1.jar:/home/bs/.m2/repository/org/apache/httpcomponents/core5/httpcore5/5.1.1/httpcore5-5.1.1.jar:/home/bs/.m2/repository/com/googlecode/json-simple/json-simple/1.1.1/json-simple-1.1.1.jar:/home/bs/.m2/repository/junit/junit/4.10/junit-4.10.jar:/home/bs/.m2/repository/org/hamcrest/hamcrest-core/1.1/hamcrest-core-1.1.jar:/home/bs/.m2/repository/org/testng/testng/7.5/testng-7.5.jar:/home/bs/.m2/repository/com/google/code/findbugs/jsr305/3.0.1/jsr305-3.0.1.jar:/home/bs/.m2/repository/com/beust/jcommander/1.78/jcommander-1.78.jar:/home/bs/.m2/repository/org/webjars/jquery/3.5.1/jquery-3.5.1.jar:/home/bs/.m2/repository/io/qameta/allure/allure-testng/2.15.0/allure-testng-2.15.0.jar:/home/bs/.m2/repository/io/qameta/allure/allure-java-commons/2.15.0/allure-java-commons-2.15.0.jar:/home/bs/.m2/repository/io/qameta/allure/allure-model/2.15.0/allure-model-2.15.0.jar:/home/bs/.m2/repository/io/qameta/allure/allure-test-filter/2.15.0/allure-test-filter-2.15.0.jar:/home/bs/.m2/repository/io/qameta/allure/allure-selenide/2.17.3/allure-selenide-2.17.3.jar:/home/bs/.m2/repository/org/aspectj/aspectjweaver/1.9.8.RC1/aspectjweaver-1.9.8.RC1.jar:/home/bs/.m2/repository/org/slf4j/slf4j-simple/1.7.21/slf4j-simple-1.7.21.jar:"/>
    <property name="sun.cpu.endian" value="little"/>
    <property name="user.home" value="/home/bs"/>
    <property name="user.language" value="en"/>
    <property name="java.specification.vendor" value="Oracle Corporation"/>
    <property name="java.version.date" value="2021-04-20"/>
    <property name="java.home" value="/usr/lib/jvm/java-13-openjdk-amd64"/>
    <property name="file.separator" value="/"/>
    <property name="basedir" value="/home/bs/Documents/starboard-Android/starboard"/>
    <property name="java.vm.compressedOopsMode" value="Zero based"/>
    <property name="line.separator" value="&#10;"/>
    <property name="java.vm.specification.vendor" value="Oracle Corporation"/>
    <property name="java.specification.name" value="Java Platform API Specification"/>
    <property name="surefire.real.class.path" value="/home/bs/Documents/starboard-Android/starboard/target/surefire/surefirebooter651114911155015010.jar"/>
    <property name="sun.management.compiler" value="HotSpot 64-Bit Tiered Compilers"/>
    <property name="java.runtime.version" value="13.0.7+5-Ubuntu-0ubuntu120.04"/>
    <property name="user.name" value="bs"/>
    <property name="path.separator" value=":"/>
    <property name="os.version" value="5.15.0-88-generic"/>
    <property name="java.runtime.name" value="OpenJDK Runtime Environment"/>
    <property name="file.encoding" value="UTF-8"/>
    <property name="java.vm.name" value="OpenJDK 64-Bit Server VM"/>
    <property name="localRepository" value="/home/bs/.m2/repository"/>
    <property name="java.vendor.url.bug" value="Unknown"/>
    <property name="java.io.tmpdir" value="/tmp"/>
    <property name="java.version" value="13.0.7"/>
    <property name="user.dir" value="/home/bs/Documents/starboard-Android/starboard"/>
    <property name="os.arch" value="amd64"/>
    <property name="java.vm.specification.name" value="Java Virtual Machine Specification"/>
    <property name="java.library.path" value="/usr/java/packages/lib:/usr/lib/x86_64-linux-gnu/jni:/lib/x86_64-linux-gnu:/usr/lib/x86_64-linux-gnu:/usr/lib/jni:/lib:/usr/lib"/>
    <property name="java.vm.info" value="mixed mode, sharing"/>
    <property name="java.vendor" value="Private Build"/>
    <property name="java.vm.version" value="13.0.7+5-Ubuntu-0ubuntu120.04"/>
    <property name="sun.io.unicode.encoding" value="UnicodeLittle"/>
    <property name="java.class.version" value="57.0"/>
  </properties>
  <testcase name="Link_Invoice" classname="general.Linking_Transactions" time="8.379">
    <system-out><![CDATA[Starboard app opened
Installed App found
]]></system-out>
    <system-err><![CDATA[[main] INFO org.testng.internal.Utils - [TestRunner] Running the tests in 'Starboard_test_cases' with parallel mode:none
[main] INFO org.testng.internal.Utils - [RunInfo] Adding method selector: org.testng.internal.XmlMethodSelector@5cbf9e9f priority: 10
[main] INFO org.testng.internal.Utils - [TestClass] Creating TestClass for [ClassImpl class=general.Base]
[main] INFO org.testng.internal.Utils - [XmlMethodSelector] Including method general.LoginTOApplication()
[main] INFO org.testng.internal.Utils - [Utils] MethodGroupsHelper.collectMethodsByGroup() took 7 ms.
[main] INFO org.testng.internal.Utils - [Utils] MethodGroupsHelper.sortMethods() took 9 ms.
[main] INFO org.testng.internal.Utils - [XmlMethodSelector] Including method general.TearDown()
[main] INFO org.testng.internal.Utils - [Utils] MethodGroupsHelper.collectMethodsByGroup() took 0 ms.
[main] INFO org.testng.internal.Utils - [Utils] MethodGroupsHelper.sortMethods() took 0 ms.
[main] INFO org.testng.internal.Utils - [Utils] MethodGroupsHelper.collectMethodsByGroup() took 0 ms.
[main] INFO org.testng.internal.Utils - [Utils] MethodGroupsHelper.sortMethods() took 0 ms.
[main] INFO org.testng.internal.Utils - [Utils] MethodGroupsHelper.collectMethodsByGroup() took 0 ms.
[main] INFO org.testng.internal.Utils - [Utils] MethodGroupsHelper.sortMethods() took 0 ms.
[main] INFO org.testng.internal.Utils - [Utils] MethodGroupsHelper.collectMethodsByGroup() took 0 ms.
[main] INFO org.testng.internal.Utils - [Utils] MethodGroupsHelper.sortMethods() took 0 ms.
[main] INFO org.testng.internal.Utils - [Utils] MethodGroupsHelper.collectMethodsByGroup() took 0 ms.
[main] INFO org.testng.internal.Utils - [Utils] MethodGroupsHelper.sortMethods() took 0 ms.
[main] INFO org.testng.internal.Utils - [Utils] MethodGroupsHelper.collectMethodsByGroup() took 0 ms.
[main] INFO org.testng.internal.Utils - [Utils] MethodGroupsHelper.sortMethods() took 0 ms.
[main] INFO org.testng.internal.Utils - [Utils] MethodGroupsHelper.collectMethodsByGroup() took 0 ms.
[main] INFO org.testng.internal.Utils - [Utils] MethodGroupsHelper.sortMethods() took 0 ms.
[main] INFO org.testng.internal.Utils - [Utils] MethodGroupsHelper.collectMethodsByGroup() took 0 ms.
[main] INFO org.testng.internal.Utils - [Utils] MethodGroupsHelper.sortMethods() took 0 ms.
[main] INFO org.testng.internal.Utils - [Utils] MethodGroupsHelper.collectMethodsByGroup() took 0 ms.
[main] INFO org.testng.internal.Utils - [Utils] MethodGroupsHelper.sortMethods() took 0 ms.
[main] INFO org.testng.internal.Utils - [TestClass] Creating TestClass for [ClassImpl class=general.Linking_Transactions]
[main] INFO org.testng.internal.Utils - [TestClass] Adding method Linking_Transactions.Link_Invoice()[pri:1, instance:null] on TestClass class general.Linking_Transactions
[main] INFO org.testng.internal.Utils - [TestClass] Adding method Linking_Transactions.Notes_Add()[pri:3, instance:null] on TestClass class general.Linking_Transactions
[main] INFO org.testng.internal.Utils - [TestClass] Adding method Linking_Transactions.Link_Expense_Categories()[pri:2, instance:null] on TestClass class general.Linking_Transactions
[main] INFO org.testng.internal.Utils - [Utils] MethodGroupsHelper.collectMethodsByGroup() took 0 ms.
[main] INFO org.testng.internal.Utils - [Utils] MethodGroupsHelper.sortMethods() took 0 ms.
[main] INFO org.testng.internal.Utils - [Utils] MethodGroupsHelper.collectMethodsByGroup() took 0 ms.
[main] INFO org.testng.internal.Utils - [Utils] MethodGroupsHelper.sortMethods() took 0 ms.
[main] INFO org.testng.internal.Utils - [Utils] MethodGroupsHelper.collectMethodsByGroup() took 0 ms.
[main] INFO org.testng.internal.Utils - [Utils] MethodGroupsHelper.sortMethods() took 0 ms.
[main] INFO org.testng.internal.Utils - [Utils] MethodGroupsHelper.collectMethodsByGroup() took 0 ms.
[main] INFO org.testng.internal.Utils - [Utils] MethodGroupsHelper.sortMethods() took 0 ms.
[main] INFO org.testng.internal.Utils - [Utils] MethodGroupsHelper.collectMethodsByGroup() took 0 ms.
[main] INFO org.testng.internal.Utils - [Utils] MethodGroupsHelper.sortMethods() took 0 ms.
[main] INFO org.testng.internal.Utils - [Utils] MethodGroupsHelper.collectMethodsByGroup() took 0 ms.
[main] INFO org.testng.internal.Utils - [Utils] MethodGroupsHelper.sortMethods() took 0 ms.
[main] INFO org.testng.internal.Utils - [Utils] MethodGroupsHelper.collectMethodsByGroup() took 0 ms.
[main] INFO org.testng.internal.Utils - [Utils] MethodGroupsHelper.sortMethods() took 0 ms.
[main] INFO org.testng.internal.Utils - [Utils] MethodGroupsHelper.collectMethodsByGroup() took 0 ms.
[main] INFO org.testng.internal.Utils - [Utils] MethodGroupsHelper.sortMethods() took 0 ms.
[main] INFO org.testng.internal.Utils - [Utils] MethodGroupsHelper.collectMethodsByGroup() took 0 ms.
[main] INFO org.testng.internal.Utils - [Utils] MethodGroupsHelper.sortMethods() took 0 ms.
[main] INFO org.testng.internal.Utils - [Utils] MethodGroupsHelper.collectMethodsByGroup() took 0 ms.
[main] INFO org.testng.internal.Utils - [Utils] MethodGroupsHelper.sortMethods() took 0 ms.
[main] INFO org.testng.internal.Utils - [Utils] MethodGroupsHelper.collectMethodsByGroup() took 0 ms.
[main] INFO org.testng.internal.Utils - [Utils] MethodGroupsHelper.sortMethods() took 0 ms.
[main] INFO org.testng.internal.Utils - [Utils] MethodGroupsHelper.collectMethodsByGroup() took 0 ms.
[main] INFO org.testng.internal.Utils - [Utils] MethodGroupsHelper.sortMethods() took 0 ms.
[main] INFO org.testng.internal.Utils - [XmlMethodSelector] Including method general.Link_Invoice()
[main] INFO org.testng.internal.Utils - [XmlMethodSelector] Including method general.Notes_Add()
[main] INFO org.testng.internal.Utils - [XmlMethodSelector] Including method general.Link_Expense_Categories()
[main] INFO org.testng.internal.Utils - [Utils] MethodGroupsHelper.collectMethodsByGroup() took 0 ms.
[main] INFO org.testng.internal.Utils - [Utils] MethodGroupsHelper.sortMethods() took 2 ms.
[main] INFO org.testng.internal.Utils - [Utils] MethodGroupsHelper.collectMethodsByGroup() took 0 ms.
[main] INFO org.testng.internal.Utils - [Utils] MethodGroupsHelper.sortMethods() took 0 ms.
[main] INFO org.testng.internal.Utils - [Utils] MethodGroupsHelper.collectMethodsByGroup() took 0 ms.
[main] INFO org.testng.internal.Utils - [Utils] MethodGroupsHelper.sortMethods() took 0 ms.
[main] INFO org.testng.internal.Utils - [Invoker 2090563811] Keeping method Base.LoginTOApplication()[pri:0, instance:general.Base@352e612e] for class null
[main] INFO org.testng.internal.Utils - [Invoker 2090563811] Invoking @BeforeSuite Base.LoginTOApplication()[pri:0, instance:general.Base@352e612e]
Nov 23, 2023 2:24:15 PM io.appium.java_client.remote.AppiumCommandExecutor$1 lambda$0
INFO: Detected dialect: W3C
[main] INFO org.testng.internal.Utils - [SuiteRunner] Created 1 TestRunners
[main] INFO org.testng.internal.Utils - [TestRunner] Running test Starboard_test_cases on 2  classes,  included groups:[] excluded groups:[]
[main] INFO org.testng.TestClass - ===== Test class
general.Base
[main] INFO org.testng.TestClass - ======
[main] INFO org.testng.TestClass - ===== Test class
general.Linking_Transactions
[main] INFO org.testng.TestClass -     @Test Linking_Transactions.Link_Invoice()[pri:1, instance:general.Linking_Transactions@6dba847b]
[main] INFO org.testng.TestClass -     @Test Linking_Transactions.Notes_Add()[pri:3, instance:general.Linking_Transactions@6dba847b]
[main] INFO org.testng.TestClass -     @Test Linking_Transactions.Link_Expense_Categories()[pri:2, instance:general.Linking_Transactions@6dba847b]
[main] INFO org.testng.TestClass - ======
[main] INFO org.testng.internal.Utils - [Utils] DynamicGraphHelper.createDynamicGraph() took 4 ms.
[main] INFO org.testng.internal.Utils - [Invoker 2090563811] No configuration methods found
[main] INFO org.testng.internal.Utils - [Invoker 2090563811] No configuration methods found
[main] INFO org.testng.internal.Utils - [Invoker 2090563811] Invoking general.Linking_Transactions.Link_Invoice
]]></system-err>
  </testcase>
  <testcase name="Link_Expense_Categories" classname="general.Linking_Transactions" time="14.642">
    <system-err><![CDATA[[main] INFO org.testng.internal.Utils - [Invoker 2090563811] No configuration methods found
[main] INFO org.testng.internal.Utils - [Invoker 2090563811] No configuration methods found
[main] INFO org.testng.internal.Utils - [Invoker 2090563811] Invoking general.Linking_Transactions.Link_Expense_Categories
]]></system-err>
  </testcase>
  <testcase name="Notes_Add" classname="general.Linking_Transactions" time="13.792">
    <system-err><![CDATA[[main] INFO org.testng.internal.Utils - [Invoker 2090563811] No configuration methods found
[main] INFO org.testng.internal.Utils - [Invoker 2090563811] No configuration methods found
[main] INFO org.testng.internal.Utils - [Invoker 2090563811] Invoking general.Linking_Transactions.Notes_Add
]]></system-err>
  </testcase>
</testsuite>