<?xml version="1.0" encoding="UTF-8"?>
<!-- Generated by org.testng.reporters.JUnitReportReporter -->
<testsuite hostname="purvish-ThinkPad-L450" failures="0" tests="2" name="general.Setting_Preference" time="0.000" errors="0" timestamp="2023-08-24T14:13:46 IST" skipped="2">
  <testcase classname="general.Setting_Preference" name="Preference" time="0.000">
    <skipped/>
  </testcase> <!-- Preference -->
  <system-out/>
  <testcase classname="general.Setting_Preference" name="Update_mydetails" time="0.000">
    <skipped/>
  </testcase> <!-- Update_mydetails -->
  <system-out/>
</testsuite> <!-- general.Setting_Preference -->
