<?xml version="1.0" encoding="UTF-8"?>
<!-- Generated by org.testng.reporters.JUnitReportReporter -->
<testsuite hostname="purvish-ThinkPad-L450" failures="0" tests="1" name="general.Add_Location" time="0.000" errors="0" timestamp="2023-08-24T14:13:46 IST" skipped="1">
  <testcase classname="general.Add_Location" name="Update_location" time="0.000">
    <skipped/>
  </testcase> <!-- Update_location -->
  <system-out/>
</testsuite> <!-- general.Add_Location -->
