<?xml version="1.0" encoding="UTF-8"?>
<!-- Generated by org.testng.reporters.JUnitReportReporter -->
<testsuite hostname="purvish" failures="0" tests="3" name="general.Linking_Transactions" time="36.787" errors="0" timestamp="2023-11-23T14:25:02 IST" skipped="0">
  <testcase classname="general.Linking_Transactions" name="Link_Invoice" time="8.356"/>
  <system-out/>
  <testcase classname="general.Linking_Transactions" name="Link_Expense_Categories" time="14.640"/>
  <system-out/>
  <testcase classname="general.Linking_Transactions" name="Notes_Add" time="13.791"/>
  <system-out/>
</testsuite> <!-- general.Linking_Transactions -->
